# JRE version: Java(TM) SE Runtime Environment (8.0_131-b11) (build 1.8.0_131-b11)
# Java VM: Java HotSpot(TM) 64-Bit Server VM (25.131-b11 mixed mode windows-amd64 compressed oops)
Heap:
 PSYoungGen      total 187904K, used 176610K [0x000000076bd80000, 0x000000077a100000, 0x00000007c0000000)
  eden space 167424K, 100% used [0x000000076bd80000,0x0000000776100000,0x0000000776100000)
  from space 20480K, 44% used [0x0000000777380000,0x0000000777c78808,0x0000000778780000)
  to   space 18944K, 0% used [0x0000000776100000,0x0000000776100000,0x0000000777380000)
 ParOldGen       total 130048K, used 18614K [0x00000006c3800000, 0x00000006cb700000, 0x000000076bd80000)
  object space 130048K, 14% used [0x00000006c3800000,0x00000006c4a2dab8,0x00000006cb700000)
 Metaspace       used 25076K, capacity 26234K, committed 26416K, reserved 1071104K
  class space    used 3672K, capacity 4050K, committed 4144K, reserved 1048576K
GC Heap History (10 events):
Event: 2.661 GC heap before
{Heap before GC invocations=3 (full 1):
 PSYoungGen      total 75776K, used 10730K [0x000000076bd80000, 0x0000000775180000, 0x00000007c0000000)
  eden space 65024K, 0% used [0x000000076bd80000,0x000000076bd80000,0x000000076fd00000)
  from space 10752K, 99% used [0x0000000774700000,0x000000077517aab0,0x0000000775180000)
  to   space 10752K, 0% used [0x000000076fd00000,0x000000076fd00000,0x0000000770780000)
 ParOldGen       total 173568K, used 10307K [0x00000006c3800000, 0x00000006ce180000, 0x000000076bd80000)
  object space 173568K, 5% used [0x00000006c3800000,0x00000006c4210e78,0x00000006ce180000)
 Metaspace       used 20038K, capacity 21162K, committed 21296K, reserved 1067008K
  class space    used 2952K, capacity 3330K, committed 3376K, reserved 1048576K
Event: 2.691 GC heap after
Heap after GC invocations=3 (full 1):
 PSYoungGen      total 75776K, used 0K [0x000000076bd80000, 0x0000000775180000, 0x00000007c0000000)
  eden space 65024K, 0% used [0x000000076bd80000,0x000000076bd80000,0x000000076fd00000)
  from space 10752K, 0% used [0x0000000774700000,0x0000000774700000,0x0000000775180000)
  to   space 10752K, 0% used [0x000000076fd00000,0x000000076fd00000,0x0000000770780000)
 ParOldGen       total 130048K, used 18572K [0x00000006c3800000, 0x00000006cb700000, 0x000000076bd80000)
  object space 130048K, 14% used [0x00000006c3800000,0x00000006c4a23140,0x00000006cb700000)
 Metaspace       used 20038K, capacity 21162K, committed 21296K, reserved 1067008K
  class space    used 2952K, capacity 3330K, committed 3376K, reserved 1048576K
}
Event: 2.937 GC heap before
{Heap before GC invocations=4 (full 1):
 PSYoungGen      total 75776K, used 65024K [0x000000076bd80000, 0x0000000775180000, 0x00000007c0000000)
  eden space 65024K, 100% used [0x000000076bd80000,0x000000076fd00000,0x000000076fd00000)
  from space 10752K, 0% used [0x0000000774700000,0x0000000774700000,0x0000000775180000)
  to   space 10752K, 0% used [0x000000076fd00000,0x000000076fd00000,0x0000000770780000)
 ParOldGen       total 130048K, used 18572K [0x00000006c3800000, 0x00000006cb700000, 0x000000076bd80000)
  object space 130048K, 14% used [0x00000006c3800000,0x00000006c4a23140,0x00000006cb700000)
 Metaspace       used 22090K, capacity 23260K, committed 23600K, reserved 1069056K
  class space    used 3246K, capacity 3597K, committed 3632K, reserved 1048576K
Event: 2.940 GC heap after
Heap after GC invocations=4 (full 1):
 PSYoungGen      total 75776K, used 2436K [0x000000076bd80000, 0x0000000774780000, 0x00000007c0000000)
  eden space 65024K, 0% used [0x000000076bd80000,0x000000076bd80000,0x000000076fd00000)
  from space 10752K, 22% used [0x000000076fd00000,0x000000076ff612b8,0x0000000770780000)
  to   space 10752K, 0% used [0x0000000773d00000,0x0000000773d00000,0x0000000774780000)
 ParOldGen       total 130048K, used 18580K [0x00000006c3800000, 0x00000006cb700000, 0x000000076bd80000)
  object space 130048K, 14% used [0x00000006c3800000,0x00000006c4a25140,0x00000006cb700000)
 Metaspace       used 22090K, capacity 23260K, committed 23600K, reserved 1069056K
  class space    used 3246K, capacity 3597K, committed 3632K, reserved 1048576K
}
Event: 3.044 GC heap before
{Heap before GC invocations=5 (full 1):
 PSYoungGen      total 75776K, used 67460K [0x000000076bd80000, 0x0000000774780000, 0x00000007c0000000)
  eden space 65024K, 100% used [0x000000076bd80000,0x000000076fd00000,0x000000076fd00000)
  from space 10752K, 22% used [0x000000076fd00000,0x000000076ff612b8,0x0000000770780000)
  to   space 10752K, 0% used [0x0000000773d00000,0x0000000773d00000,0x0000000774780000)
 ParOldGen       total 130048K, used 18580K [0x00000006c3800000, 0x00000006cb700000, 0x000000076bd80000)
  object space 130048K, 14% used [0x00000006c3800000,0x00000006c4a25140,0x00000006cb700000)
 Metaspace       used 24660K, capacity 25850K, committed 26160K, reserved 1071104K
  class space    used 3655K, capacity 4050K, committed 4144K, reserved 1048576K
Event: 3.048 GC heap after
Heap after GC invocations=5 (full 1):
 PSYoungGen      total 108032K, used 5690K [0x000000076bd80000, 0x0000000774300000, 0x00000007c0000000)
  eden space 101888K, 0% used [0x000000076bd80000,0x000000076bd80000,0x0000000772100000)
  from space 6144K, 92% used [0x0000000773d00000,0x000000077428eb98,0x0000000774300000)
  to   space 10752K, 0% used [0x0000000772e00000,0x0000000772e00000,0x0000000773880000)
 ParOldGen       total 130048K, used 18588K [0x00000006c3800000, 0x00000006cb700000, 0x000000076bd80000)
  object space 130048K, 14% used [0x00000006c3800000,0x00000006c4a27140,0x00000006cb700000)
 Metaspace       used 24660K, capacity 25850K, committed 26160K, reserved 1071104K
  class space    used 3655K, capacity 4050K, committed 4144K, reserved 1048576K
}
Event: 3.133 GC heap before
{Heap before GC invocations=6 (full 1):
 PSYoungGen      total 108032K, used 107578K [0x000000076bd80000, 0x0000000774300000, 0x00000007c0000000)
  eden space 101888K, 100% used [0x000000076bd80000,0x0000000772100000,0x0000000772100000)
  from space 6144K, 92% used [0x0000000773d00000,0x000000077428eb98,0x0000000774300000)
  to   space 10752K, 0% used [0x0000000772e00000,0x0000000772e00000,0x0000000773880000)
 ParOldGen       total 130048K, used 18588K [0x00000006c3800000, 0x00000006cb700000, 0x000000076bd80000)
  object space 130048K, 14% used [0x00000006c3800000,0x00000006c4a27158,0x00000006cb700000)
 Metaspace       used 24834K, capacity 26042K, committed 26416K, reserved 1071104K
  class space    used 3661K, capacity 4050K, committed 4144K, reserved 1048576K
Event: 3.136 GC heap after
Heap after GC invocations=6 (full 1):
 PSYoungGen      total 125952K, used 6333K [0x000000076bd80000, 0x0000000778780000, 0x00000007c0000000)
  eden space 115200K, 0% used [0x000000076bd80000,0x000000076bd80000,0x0000000772e00000)
  from space 10752K, 58% used [0x0000000772e00000,0x000000077342f758,0x0000000773880000)
  to   space 20480K, 0% used [0x0000000777380000,0x0000000777380000,0x0000000778780000)
 ParOldGen       total 130048K, used 18596K [0x00000006c3800000, 0x00000006cb700000, 0x000000076bd80000)
  object space 130048K, 14% used [0x00000006c3800000,0x00000006c4a29158,0x00000006cb700000)
 Metaspace       used 24834K, capacity 26042K, committed 26416K, reserved 1071104K
  class space    used 3661K, capacity 4050K, committed 4144K, reserved 1048576K
}
Event: 3.213 GC heap before
{Heap before GC invocations=7 (full 1):
 PSYoungGen      total 125952K, used 121533K [0x000000076bd80000, 0x0000000778780000, 0x00000007c0000000)
  eden space 115200K, 100% used [0x000000076bd80000,0x0000000772e00000,0x0000000772e00000)
  from space 10752K, 58% used [0x0000000772e00000,0x000000077342f758,0x0000000773880000)
  to   space 20480K, 0% used [0x0000000777380000,0x0000000777380000,0x0000000778780000)
 ParOldGen       total 130048K, used 18600K [0x00000006c3800000, 0x00000006cb700000, 0x000000076bd80000)
  object space 130048K, 14% used [0x00000006c3800000,0x00000006c4a2a278,0x00000006cb700000)
 Metaspace       used 24958K, capacity 26170K, committed 26416K, reserved 1071104K
  class space    used 3663K, capacity 4050K, committed 4144K, reserved 1048576K
Event: 3.217 GC heap after
Heap after GC invocations=7 (full 1):
 PSYoungGen      total 187904K, used 9186K [0x000000076bd80000, 0x000000077a100000, 0x00000007c0000000)
  eden space 167424K, 0% used [0x000000076bd80000,0x000000076bd80000,0x0000000776100000)
  from space 20480K, 44% used [0x0000000777380000,0x0000000777c78808,0x0000000778780000)
  to   space 18944K, 0% used [0x0000000776100000,0x0000000776100000,0x0000000777380000)
 ParOldGen       total 130048K, used 18608K [0x00000006c3800000, 0x00000006cb700000, 0x000000076bd80000)
  object space 130048K, 14% used [0x00000006c3800000,0x00000006c4a2c278,0x00000006cb700000)
 Metaspace       used 24958K, capacity 26170K, committed 26416K, reserved 1071104K
  class space    used 3663K, capacity 4050K, committed 4144K, reserved 1048576K
}

